/n/netscratch/schwartz_lab/Everyone/obarrera/cft_bootstrap/cft_bootstrap/polynomial_bootstrap.py:49: UserWarning: symengine not available, using mpmath fallback (slower)
  warnings.warn("symengine not available, using mpmath fallback (slower)")
Traceback (most recent call last):
  File "/n/netscratch/schwartz_lab/Everyone/obarrera/cft_bootstrap/cft_bootstrap/sdpb_interface.py", line 101, in <module>
    from .pycftboot_bridge import (
ImportError: attempted relative import with no known parent package

During handling of the above exception, another exception occurred:

Traceback (most recent call last):
  File "/n/netscratch/schwartz_lab/Everyone/obarrera/cft_bootstrap/cft_bootstrap/pycftboot_bridge.py", line 47, in <module>
    from symengine.lib.symengine_wrapper import *
ModuleNotFoundError: No module named 'symengine'
/n/netscratch/schwartz_lab/Everyone/obarrera/cft_bootstrap/cft_bootstrap/pycftboot_bridge.py:210: UserWarning: Error loading pycftboot: No module named 'symengine'
  warnings.warn(f"Error loading pycftboot: {e}")
Traceback (most recent call last):
  File "/n/netscratch/schwartz_lab/Everyone/obarrera/cft_bootstrap/cft_bootstrap/run_bootstrap.py", line 1048, in <module>
    main()
  File "/n/netscratch/schwartz_lab/Everyone/obarrera/cft_bootstrap/cft_bootstrap/run_bootstrap.py", line 1023, in main
    run_gap_bound(
  File "/n/netscratch/schwartz_lab/Everyone/obarrera/cft_bootstrap/cft_bootstrap/run_bootstrap.py", line 280, in run_gap_bound
    bound = solver.find_bound_with_pmp(
AttributeError: 'SDPBSolver' object has no attribute 'find_bound_with_pmp'
